-------------------------------------------------------------------------------
Test set: com.poly.mycompany.dao.ChuyenDeDAOTest
-------------------------------------------------------------------------------
Tests run: 1, Failures: 0, Errors: 1, Skipped: 0, Time elapsed: 0.023 s <<< FAILURE! - in com.poly.mycompany.dao.ChuyenDeDAOTest
initializationError  Time elapsed: 0.019 s  <<< ERROR!
java.lang.IllegalStateException: Failed to transform class with name com.mycompany.dao.ChuyenDeDAO. Reason: null
Caused by: java.lang.NullPointerException

