<?xml version="1.0" encoding="UTF-8"?>
<testsuite xmlns:xsi="http://www.w3.org/2001/XMLSchema-instance" xsi:noNamespaceSchemaLocation="https://maven.apache.org/surefire/maven-surefire-plugin/xsd/surefire-test-report.xsd" name="com.poly.mycompany.dao.ChuyenDeDAOTest" time="0.023" tests="1" errors="1" skipped="0" failures="0">
  <properties>
[...]
</properties>
  <testcase name="initializationError" classname="com.poly.mycompany.dao.ChuyenDeDAOTest" time="0.019">
    <error message="Failed to transform class with name com.mycompany.dao.ChuyenDeDAO. Reason: null" type="java.lang.IllegalStateException">java.lang.IllegalStateException: Failed to transform class with name com.mycompany.dao.ChuyenDeDAO. Reason: null
Caused by: java.lang.NullPointerException
</error>
  </testcase>
</testsuite>